# JRE version: OpenJDK Runtime Environment Temurin-17.0.7+7 (17.0.7+7) (build 17.0.7+7)
# Java VM: OpenJDK 64-Bit Server VM Temurin-17.0.7+7 (17.0.7+7, mixed mode, sharing, tiered, compressed oops, compressed class ptrs, g1 gc, windows-amd64)
GC Precious Log:
 CPUs: 16 total, 16 available
 Memory: 32649M
 Large Page Support: Disabled
 NUMA Support: Disabled
 Compressed Oops: Enabled (Zero based)
 Heap Region Size: 2M
 Heap Min Capacity: 512M
 Heap Initial Capacity: 512M
 Heap Max Capacity: 4072M
 Pre-touch: Disabled
 Parallel Workers: 13
 Concurrent Workers: 3
 Concurrent Refinement Workers: 13
 Periodic GC: Disabled
 String Deduplication is enabled
Heap:
 garbage-first heap   total 524288K, used 133529K [0x0000000701800000, 0x0000000800000000)
  region size 2048K, 24 young (49152K), 2 survivors (4096K)
 Metaspace       used 85454K, committed 86144K, reserved 1179648K
  class space    used 11707K, committed 12032K, reserved 1048576K
GC Heap History (20 events):
Event: 514.766 GC heap before
{Heap before GC invocations=60 (full 3):
 garbage-first heap   total 524288K, used 167801K [0x0000000701800000, 0x0000000800000000)
  region size 2048K, 40 young (81920K), 1 survivors (2048K)
 Metaspace       used 84957K, committed 85568K, reserved 1179648K
  class space    used 11687K, committed 11968K, reserved 1048576K
}
Event: 514.768 GC heap after
{Heap after GC invocations=61 (full 3):
 garbage-first heap   total 524288K, used 87967K [0x0000000701800000, 0x0000000800000000)
  region size 2048K, 1 young (2048K), 1 survivors (2048K)
 Metaspace       used 84957K, committed 85568K, reserved 1179648K
  class space    used 11687K, committed 11968K, reserved 1048576K
}
Event: 515.714 GC heap before
{Heap before GC invocations=61 (full 3):
 garbage-first heap   total 524288K, used 167839K [0x0000000701800000, 0x0000000800000000)
  region size 2048K, 40 young (81920K), 1 survivors (2048K)
 Metaspace       used 85009K, committed 85632K, reserved 1179648K
  class space    used 11687K, committed 11968K, reserved 1048576K
}
Event: 515.715 GC heap after
{Heap after GC invocations=62 (full 3):
 garbage-first heap   total 524288K, used 87971K [0x0000000701800000, 0x0000000800000000)
  region size 2048K, 1 young (2048K), 1 survivors (2048K)
 Metaspace       used 85009K, committed 85632K, reserved 1179648K
  class space    used 11687K, committed 11968K, reserved 1048576K
}
Event: 515.933 GC heap before
{Heap before GC invocations=62 (full 3):
 garbage-first heap   total 524288K, used 167843K [0x0000000701800000, 0x0000000800000000)
  region size 2048K, 40 young (81920K), 1 survivors (2048K)
 Metaspace       used 85009K, committed 85632K, reserved 1179648K
  class space    used 11687K, committed 11968K, reserved 1048576K
}
Event: 515.934 GC heap after
{Heap after GC invocations=63 (full 3):
 garbage-first heap   total 524288K, used 88012K [0x0000000701800000, 0x0000000800000000)
  region size 2048K, 1 young (2048K), 1 survivors (2048K)
 Metaspace       used 85009K, committed 85632K, reserved 1179648K
  class space    used 11687K, committed 11968K, reserved 1048576K
}
Event: 516.266 GC heap before
{Heap before GC invocations=63 (full 3):
 garbage-first heap   total 524288K, used 167884K [0x0000000701800000, 0x0000000800000000)
  region size 2048K, 40 young (81920K), 1 survivors (2048K)
 Metaspace       used 85009K, committed 85632K, reserved 1179648K
  class space    used 11687K, committed 11968K, reserved 1048576K
}
Event: 516.267 GC heap after
{Heap after GC invocations=64 (full 3):
 garbage-first heap   total 524288K, used 87961K [0x0000000701800000, 0x0000000800000000)
  region size 2048K, 1 young (2048K), 1 survivors (2048K)
 Metaspace       used 85009K, committed 85632K, reserved 1179648K
  class space    used 11687K, committed 11968K, reserved 1048576K
}
Event: 516.610 GC heap before
{Heap before GC invocations=64 (full 3):
 garbage-first heap   total 524288K, used 167833K [0x0000000701800000, 0x0000000800000000)
  region size 2048K, 40 young (81920K), 1 survivors (2048K)
 Metaspace       used 85009K, committed 85632K, reserved 1179648K
  class space    used 11687K, committed 11968K, reserved 1048576K
}
Event: 516.610 GC heap after
{Heap after GC invocations=65 (full 3):
 garbage-first heap   total 524288K, used 87988K [0x0000000701800000, 0x0000000800000000)
  region size 2048K, 1 young (2048K), 1 survivors (2048K)
 Metaspace       used 85009K, committed 85632K, reserved 1179648K
  class space    used 11687K, committed 11968K, reserved 1048576K
}
Event: 519.861 GC heap before
{Heap before GC invocations=65 (full 3):
 garbage-first heap   total 524288K, used 167860K [0x0000000701800000, 0x0000000800000000)
  region size 2048K, 40 young (81920K), 1 survivors (2048K)
 Metaspace       used 85072K, committed 85696K, reserved 1179648K
  class space    used 11692K, committed 11968K, reserved 1048576K
}
Event: 519.862 GC heap after
{Heap after GC invocations=66 (full 3):
 garbage-first heap   total 524288K, used 88189K [0x0000000701800000, 0x0000000800000000)
  region size 2048K, 1 young (2048K), 1 survivors (2048K)
 Metaspace       used 85072K, committed 85696K, reserved 1179648K
  class space    used 11692K, committed 11968K, reserved 1048576K
}
Event: 523.841 GC heap before
{Heap before GC invocations=66 (full 3):
 garbage-first heap   total 524288K, used 168061K [0x0000000701800000, 0x0000000800000000)
  region size 2048K, 40 young (81920K), 1 survivors (2048K)
 Metaspace       used 85303K, committed 85952K, reserved 1179648K
  class space    used 11705K, committed 12032K, reserved 1048576K
}
Event: 523.843 GC heap after
{Heap after GC invocations=67 (full 3):
 garbage-first heap   total 524288K, used 90050K [0x0000000701800000, 0x0000000800000000)
  region size 2048K, 2 young (4096K), 2 survivors (4096K)
 Metaspace       used 85303K, committed 85952K, reserved 1179648K
  class space    used 11705K, committed 12032K, reserved 1048576K
}
Event: 540.504 GC heap before
{Heap before GC invocations=67 (full 3):
 garbage-first heap   total 524288K, used 167874K [0x0000000701800000, 0x0000000800000000)
  region size 2048K, 40 young (81920K), 2 survivors (4096K)
 Metaspace       used 85326K, committed 86016K, reserved 1179648K
  class space    used 11705K, committed 12032K, reserved 1048576K
}
Event: 540.505 GC heap after
{Heap after GC invocations=68 (full 3):
 garbage-first heap   total 524288K, used 90675K [0x0000000701800000, 0x0000000800000000)
  region size 2048K, 2 young (4096K), 2 survivors (4096K)
 Metaspace       used 85326K, committed 86016K, reserved 1179648K
  class space    used 11705K, committed 12032K, reserved 1048576K
}
Event: 543.881 GC heap before
{Heap before GC invocations=68 (full 3):
 garbage-first heap   total 524288K, used 168499K [0x0000000701800000, 0x0000000800000000)
  region size 2048K, 40 young (81920K), 2 survivors (4096K)
 Metaspace       used 85399K, committed 86080K, reserved 1179648K
  class space    used 11705K, committed 12032K, reserved 1048576K
}
Event: 543.883 GC heap after
{Heap after GC invocations=69 (full 3):
 garbage-first heap   total 524288K, used 90624K [0x0000000701800000, 0x0000000800000000)
  region size 2048K, 2 young (4096K), 2 survivors (4096K)
 Metaspace       used 85399K, committed 86080K, reserved 1179648K
  class space    used 11705K, committed 12032K, reserved 1048576K
}
Event: 551.315 GC heap before
{Heap before GC invocations=69 (full 3):
 garbage-first heap   total 524288K, used 168448K [0x0000000701800000, 0x0000000800000000)
  region size 2048K, 40 young (81920K), 2 survivors (4096K)
 Metaspace       used 85441K, committed 86080K, reserved 1179648K
  class space    used 11707K, committed 12032K, reserved 1048576K
}
Event: 551.317 GC heap after
{Heap after GC invocations=70 (full 3):
 garbage-first heap   total 524288K, used 90521K [0x0000000701800000, 0x0000000800000000)
  region size 2048K, 2 young (4096K), 2 survivors (4096K)
 Metaspace       used 85441K, committed 86080K, reserved 1179648K
  class space    used 11707K, committed 12032K, reserved 1048576K
}

